<?xml version="1.0" encoding="UTF-8"?>
<!-- Generated by org.testng.reporters.JUnitReportReporter -->
<testsuite name="nasa.NasaAPITest" tests="2" time="4.525" ignored="0" failures="0" timestamp="05 may 2021 15:31:12 GMT" skipped="0" hostname="REM-LT-210419F" errors="0">
  <testcase name="getResponse200" time="3.447" classname="nasa.NasaAPITest"/>
  <testcase name="getResponseDeserialization" time="1.078" classname="nasa.NasaAPITest"/>
</testsuite> <!-- nasa.NasaAPITest -->
