<?xml version="1.0" encoding="UTF-8"?>
<!-- Generated by org.testng.reporters.JUnitReportReporter -->
<testsuite ignored="0" hostname="REM-LT-210419F" failures="0" tests="1" name="azure.AzureAPI" time="3.835" errors="0" timestamp="17 may. 2021 17:32:49 GMT" skipped="0">
  <testcase classname="azure.AzureAPI" name="newRequest200" time="3.835"/>
</testsuite> <!-- azure.AzureAPI -->
