<?xml version="1.0" encoding="UTF-8"?>
<!-- Generated by org.testng.reporters.JUnitReportReporter -->
<testsuite ignored="0" hostname="REM-LT-210419F" failures="0" tests="2" name="azure.AzureAPITest" time="5.907" errors="0" timestamp="17 may. 2021 17:57:00 GMT" skipped="0">
  <testcase classname="azure.AzureAPITest" name="secondPost" time="0.586"/>
  <testcase classname="azure.AzureAPITest" name="firstPost" time="5.321"/>
</testsuite> <!-- azure.AzureAPITest -->
