<?xml version="1.0" encoding="UTF-8"?>
<!-- Generated by org.testng.reporters.JUnitReportReporter -->
<testsuite name="nasa.NasaAPI" tests="1" time="5.149" ignored="0" failures="0" timestamp="04 may 2021 23:01:48 GMT" skipped="0" hostname="REM-LT-210419F" errors="0">
  <testcase name="firstTest" time="5.149" classname="nasa.NasaAPI"/>
</testsuite> <!-- nasa.NasaAPI -->
