<?xml version="1.0" encoding="UTF-8"?>
<!-- Generated by org.testng.reporters.JUnitReportReporter -->
<testsuite name="nasa.NasaAPITest" tests="3" time="4.612" ignored="0" failures="0" timestamp="05 may 2021 14:58:17 GMT" skipped="0" hostname="REM-LT-210419F" errors="0">
  <testcase name="getResponse200" time="3.503" classname="nasa.NasaAPITest"/>
  <testcase name="getResponseDeserialization" time="1.108" classname="nasa.NasaAPITest"/>
  <testcase name="setSerialization" time="0.001" classname="nasa.NasaAPITest"/>
</testsuite> <!-- nasa.NasaAPITest -->
