<?xml version="1.0" encoding="UTF-8"?>
<!-- Generated by org.testng.reporters.JUnitReportReporter -->
<testsuite name="nasa.NasaAPI" tests="2" time="5.051" ignored="0" failures="0" timestamp="05 may 2021 12:59:51 GMT" skipped="0" hostname="REM-LT-210419F" errors="0">
  <testcase name="getResponse200" time="3.737" classname="nasa.NasaAPI"/>
  <testcase name="getResponseDeserialization" time="1.314" classname="nasa.NasaAPI"/>
</testsuite> <!-- nasa.NasaAPI -->
