<?xml version="1.0" encoding="UTF-8"?>
<!-- Generated by org.testng.reporters.JUnitReportReporter -->
<testsuite ignored="4" hostname="REM-LT-210419F" failures="0" tests="1" name="nasa.NasaAPITest" time="3.838" errors="0" timestamp="17 may. 2021 17:31:26 GMT" skipped="0">
  <testcase classname="nasa.NasaAPITest" name="newRequest200" time="3.838"/>
  <testcase classname="nasa.NasaAPITest" name="retrievePostData">
    <skipped/>
  </testcase> <!-- retrievePostData -->
  <testcase classname="nasa.NasaAPITest" name="getResponse200">
    <skipped/>
  </testcase> <!-- getResponse200 -->
  <testcase classname="nasa.NasaAPITest" name="jsonPostDummy">
    <skipped/>
  </testcase> <!-- jsonPostDummy -->
  <testcase classname="nasa.NasaAPITest" name="getResponseDeserialization">
    <skipped/>
  </testcase> <!-- getResponseDeserialization -->
</testsuite> <!-- nasa.NasaAPITest -->
